  barebones.cpp
C:\Users\posav\source\repos\WindowsGame\BareBones\code\barebones.h(32,7): error C2143: syntax error: missing ';' before '*'
  (compiling source file 'code/barebones.cpp')
  
C:\Users\posav\source\repos\WindowsGame\BareBones\code\barebones.h(32,7): error C4430: missing type specifier - int assumed. Note: C++ does not support default-int
  (compiling source file 'code/barebones.cpp')
  
C:\Users\posav\source\repos\WindowsGame\BareBones\code\barebones.h(32,16): error C2238: unexpected token(s) preceding ';'
  (compiling source file 'code/barebones.cpp')
  
C:\Users\posav\source\repos\WindowsGame\BareBones\code\barebones.h(33,7): error C2143: syntax error: missing ';' before '*'
  (compiling source file 'code/barebones.cpp')
  
C:\Users\posav\source\repos\WindowsGame\BareBones\code\barebones.h(33,7): error C4430: missing type specifier - int assumed. Note: C++ does not support default-int
  (compiling source file 'code/barebones.cpp')
  
C:\Users\posav\source\repos\WindowsGame\BareBones\code\barebones.h(33,15): error C2238: unexpected token(s) preceding ';'
  (compiling source file 'code/barebones.cpp')
  
C:\Users\posav\source\repos\WindowsGame\BareBones\code\barebones.h(38,9): error C3646: 'endedDown': unknown override specifier
  (compiling source file 'code/barebones.cpp')
  
C:\Users\posav\source\repos\WindowsGame\BareBones\code\barebones.h(38,18): error C4430: missing type specifier - int assumed. Note: C++ does not support default-int
  (compiling source file 'code/barebones.cpp')
  
C:\Users\posav\source\repos\WindowsGame\BareBones\code\barebones.h(42,9): error C3646: 'isConnected': unknown override specifier
  (compiling source file 'code/barebones.cpp')
  
C:\Users\posav\source\repos\WindowsGame\BareBones\code\barebones.h(42,20): error C4430: missing type specifier - int assumed. Note: C++ does not support default-int
  (compiling source file 'code/barebones.cpp')
  
C:\Users\posav\source\repos\WindowsGame\BareBones\code\barebones.h(43,9): error C3646: 'isAnalog': unknown override specifier
  (compiling source file 'code/barebones.cpp')
  
C:\Users\posav\source\repos\WindowsGame\BareBones\code\barebones.h(43,17): error C4430: missing type specifier - int assumed. Note: C++ does not support default-int
  (compiling source file 'code/barebones.cpp')
  
C:\Users\posav\source\repos\WindowsGame\BareBones\code\barebones.h(44,9): error C3646: 'stickAverageX': unknown override specifier
  (compiling source file 'code/barebones.cpp')
  
C:\Users\posav\source\repos\WindowsGame\BareBones\code\barebones.h(44,22): error C4430: missing type specifier - int assumed. Note: C++ does not support default-int
  (compiling source file 'code/barebones.cpp')
  
C:\Users\posav\source\repos\WindowsGame\BareBones\code\barebones.h(45,9): error C3646: 'stickAverageY': unknown override specifier
  (compiling source file 'code/barebones.cpp')
  
C:\Users\posav\source\repos\WindowsGame\BareBones\code\barebones.h(45,22): error C4430: missing type specifier - int assumed. Note: C++ does not support default-int
  (compiling source file 'code/barebones.cpp')
  
C:\Users\posav\source\repos\WindowsGame\BareBones\code\barebones.h(72,9): error C3646: 'game_clock': unknown override specifier
  (compiling source file 'code/barebones.cpp')
  
C:\Users\posav\source\repos\WindowsGame\BareBones\code\barebones.h(72,19): error C4430: missing type specifier - int assumed. Note: C++ does not support default-int
  (compiling source file 'code/barebones.cpp')
  
C:\Users\posav\source\repos\WindowsGame\BareBones\code\barebones.h(77,9): error C3646: 'isInitialized': unknown override specifier
  (compiling source file 'code/barebones.cpp')
  
C:\Users\posav\source\repos\WindowsGame\BareBones\code\barebones.h(77,22): error C4430: missing type specifier - int assumed. Note: C++ does not support default-int
  (compiling source file 'code/barebones.cpp')
  
C:\Users\posav\source\repos\WindowsGame\BareBones\code\barebones.h(78,9): error C3646: 'permStorageSize': unknown override specifier
  (compiling source file 'code/barebones.cpp')
  
C:\Users\posav\source\repos\WindowsGame\BareBones\code\barebones.h(78,24): error C4430: missing type specifier - int assumed. Note: C++ does not support default-int
  (compiling source file 'code/barebones.cpp')
  
C:\Users\posav\source\repos\WindowsGame\BareBones\code\barebones.h(80,9): error C3646: 'tempStorageSize': unknown override specifier
  (compiling source file 'code/barebones.cpp')
  
C:\Users\posav\source\repos\WindowsGame\BareBones\code\barebones.h(80,24): error C4430: missing type specifier - int assumed. Note: C++ does not support default-int
  (compiling source file 'code/barebones.cpp')
  
C:\Users\posav\source\repos\WindowsGame\BareBones\code\barebones.h(85,19): error C2144: syntax error: 'void' should be preceded by ';'
  (compiling source file 'code/barebones.cpp')
  
C:\Users\posav\source\repos\WindowsGame\BareBones\code\barebones.h(85,24): error C4430: missing type specifier - int assumed. Note: C++ does not support default-int
  (compiling source file 'code/barebones.cpp')
  
C:\Users\posav\source\repos\WindowsGame\BareBones\code\barebones.cpp(4,19): error C2144: syntax error: 'void' should be preceded by ';'
C:\Users\posav\source\repos\WindowsGame\BareBones\code\barebones.cpp(4,24): error C4430: missing type specifier - int assumed. Note: C++ does not support default-int
C:\Users\posav\source\repos\WindowsGame\BareBones\code\barebones.cpp(4,1): error C2086: 'int internal_function': redefinition
  C:\Users\posav\source\repos\WindowsGame\BareBones\code\barebones.h(85,1):
  see declaration of 'internal_function'
  
C:\Users\posav\source\repos\WindowsGame\BareBones\code\barebones.cpp(6,2): error C2065: 'local_persist': undeclared identifier
C:\Users\posav\source\repos\WindowsGame\BareBones\code\barebones.cpp(6,16): error C2146: syntax error: missing ';' before identifier 'real32'
C:\Users\posav\source\repos\WindowsGame\BareBones\code\barebones.cpp(6,16): error C2065: 'real32': undeclared identifier
C:\Users\posav\source\repos\WindowsGame\BareBones\code\barebones.cpp(6,23): error C2146: syntax error: missing ';' before identifier 'tSine'
C:\Users\posav\source\repos\WindowsGame\BareBones\code\barebones.cpp(6,23): error C2065: 'tSine': undeclared identifier
C:\Users\posav\source\repos\WindowsGame\BareBones\code\barebones.cpp(7,2): error C2065: 'int16': undeclared identifier
C:\Users\posav\source\repos\WindowsGame\BareBones\code\barebones.cpp(7,8): error C2146: syntax error: missing ';' before identifier 'toneVolume'
C:\Users\posav\source\repos\WindowsGame\BareBones\code\barebones.cpp(7,8): error C2065: 'toneVolume': undeclared identifier
C:\Users\posav\source\repos\WindowsGame\BareBones\code\barebones.cpp(9,2): error C2065: 'int16': undeclared identifier
C:\Users\posav\source\repos\WindowsGame\BareBones\code\barebones.cpp(9,9): error C2065: 'sampleOut': undeclared identifier
C:\Users\posav\source\repos\WindowsGame\BareBones\code\barebones.cpp(9,34): error C2039: 'samples': is not a member of 'game_sound_output_buffer'
  C:\Users\posav\source\repos\WindowsGame\BareBones\code\barebones.h(27,8):
  see declaration of 'game_sound_output_buffer'
  
C:\Users\posav\source\repos\WindowsGame\BareBones\code\barebones.cpp(13,3): error C2065: 'real32': undeclared identifier
C:\Users\posav\source\repos\WindowsGame\BareBones\code\barebones.cpp(13,10): error C2146: syntax error: missing ';' before identifier 'sineValue'
C:\Users\posav\source\repos\WindowsGame\BareBones\code\barebones.cpp(13,10): error C2065: 'sineValue': undeclared identifier
C:\Users\posav\source\repos\WindowsGame\BareBones\code\barebones.cpp(13,27): error C2065: 'tSine': undeclared identifier
C:\Users\posav\source\repos\WindowsGame\BareBones\code\barebones.cpp(14,3): error C2065: 'int16': undeclared identifier
C:\Users\posav\source\repos\WindowsGame\BareBones\code\barebones.cpp(14,9): error C2146: syntax error: missing ';' before identifier 'sampleValue'
C:\Users\posav\source\repos\WindowsGame\BareBones\code\barebones.cpp(14,9): error C2065: 'sampleValue': undeclared identifier
C:\Users\posav\source\repos\WindowsGame\BareBones\code\barebones.cpp(14,24): error C2065: 'int16': undeclared identifier
C:\Users\posav\source\repos\WindowsGame\BareBones\code\barebones.cpp(14,31): error C2065: 'sineValue': undeclared identifier
C:\Users\posav\source\repos\WindowsGame\BareBones\code\barebones.cpp(14,43): error C2065: 'toneVolume': undeclared identifier
C:\Users\posav\source\repos\WindowsGame\BareBones\code\barebones.cpp(18,3): error C2065: 'tSine': undeclared identifier
C:\Users\posav\source\repos\WindowsGame\BareBones\code\barebones.cpp(18,20): error C2065: 'pi32': undeclared identifier
C:\Users\posav\source\repos\WindowsGame\BareBones\code\barebones.cpp(18,36): error C2065: 'real32': undeclared identifier
C:\Users\posav\source\repos\WindowsGame\BareBones\code\barebones.cpp(18,43): error C2146: syntax error: missing ';' before identifier 'wavePeriod'
C:\Users\posav\source\repos\WindowsGame\BareBones\code\barebones.cpp(22,19): error C2144: syntax error: 'void' should be preceded by ';'
C:\Users\posav\source\repos\WindowsGame\BareBones\code\barebones.cpp(22,24): error C4430: missing type specifier - int assumed. Note: C++ does not support default-int
C:\Users\posav\source\repos\WindowsGame\BareBones\code\barebones.cpp(22,1): error C2086: 'int internal_function': redefinition
  C:\Users\posav\source\repos\WindowsGame\BareBones\code\barebones.h(85,1):
  see declaration of 'internal_function'
  
C:\Users\posav\source\repos\WindowsGame\BareBones\code\barebones.cpp(25,2): error C2065: 'uint8': undeclared identifier
C:\Users\posav\source\repos\WindowsGame\BareBones\code\barebones.cpp(25,9): error C2065: 'row': undeclared identifier
C:\Users\posav\source\repos\WindowsGame\BareBones\code\barebones.cpp(25,16): error C2065: 'uint8': undeclared identifier
C:\Users\posav\source\repos\WindowsGame\BareBones\code\barebones.cpp(25,22): error C2059: syntax error: ')'
C:\Users\posav\source\repos\WindowsGame\BareBones\code\barebones.cpp(28,3): error C2065: 'uint32': undeclared identifier
C:\Users\posav\source\repos\WindowsGame\BareBones\code\barebones.cpp(28,11): error C2065: 'pixel': undeclared identifier
C:\Users\posav\source\repos\WindowsGame\BareBones\code\barebones.cpp(28,20): error C2065: 'uint32': undeclared identifier
C:\Users\posav\source\repos\WindowsGame\BareBones\code\barebones.cpp(28,27): error C2059: syntax error: ')'
C:\Users\posav\source\repos\WindowsGame\BareBones\code\barebones.cpp(35,4): error C2065: 'uint8': undeclared identifier
C:\Users\posav\source\repos\WindowsGame\BareBones\code\barebones.cpp(35,10): error C2146: syntax error: missing ';' before identifier 'blue'
C:\Users\posav\source\repos\WindowsGame\BareBones\code\barebones.cpp(35,10): error C2065: 'blue': undeclared identifier
C:\Users\posav\source\repos\WindowsGame\BareBones\code\barebones.cpp(36,4): error C2065: 'uint8': undeclared identifier
C:\Users\posav\source\repos\WindowsGame\BareBones\code\barebones.cpp(36,10): error C2146: syntax error: missing ';' before identifier 'green'
C:\Users\posav\source\repos\WindowsGame\BareBones\code\barebones.cpp(36,10): error C2065: 'green': undeclared identifier
C:\Users\posav\source\repos\WindowsGame\BareBones\code\barebones.cpp(37,4): error C2065: 'uint8': undeclared identifier
C:\Users\posav\source\repos\WindowsGame\BareBones\code\barebones.cpp(37,10): error C2146: syntax error: missing ';' before identifier 'red'
C:\Users\posav\source\repos\WindowsGame\BareBones\code\barebones.cpp(37,10): error C2065: 'red': undeclared identifier
C:\Users\posav\source\repos\WindowsGame\BareBones\code\barebones.cpp(39,5): error C2065: 'pixel': undeclared identifier
C:\Users\posav\source\repos\WindowsGame\BareBones\code\barebones.cpp(39,16): error C2065: 'blue': undeclared identifier
C:\Users\posav\source\repos\WindowsGame\BareBones\code\barebones.cpp(39,24): error C2065: 'green': undeclared identifier
C:\Users\posav\source\repos\WindowsGame\BareBones\code\barebones.cpp(39,39): error C2065: 'red': undeclared identifier
C:\Users\posav\source\repos\WindowsGame\BareBones\code\barebones.cpp(42,3): error C2065: 'row': undeclared identifier
C:\Users\posav\source\repos\WindowsGame\BareBones\code\barebones.cpp(46,29): error C4430: missing type specifier - int assumed. Note: C++ does not support default-int
C:\Users\posav\source\repos\WindowsGame\BareBones\code\barebones.cpp(46,1): error C2086: 'int internal_function': redefinition
  C:\Users\posav\source\repos\WindowsGame\BareBones\code\barebones.h(85,1):
  see declaration of 'internal_function'
  
C:\Users\posav\source\repos\WindowsGame\BareBones\code\barebones.cpp(46,19): error C2146: syntax error: missing ';' before identifier 'game_state'
C:\Users\posav\source\repos\WindowsGame\BareBones\code\barebones.cpp(47,1): error C2143: syntax error: missing ';' before '{'
C:\Users\posav\source\repos\WindowsGame\BareBones\code\barebones.cpp(47,1): error C2447: '{': missing function header (old-style formal list?)
C:\Users\posav\source\repos\WindowsGame\BareBones\code\barebones.cpp(60,19): error C2144: syntax error: 'void' should be preceded by ';'
C:\Users\posav\source\repos\WindowsGame\BareBones\code\barebones.cpp(60,24): error C4430: missing type specifier - int assumed. Note: C++ does not support default-int
C:\Users\posav\source\repos\WindowsGame\BareBones\code\barebones.cpp(60,1): error C2086: 'int internal_function': redefinition
  C:\Users\posav\source\repos\WindowsGame\BareBones\code\barebones.h(85,1):
  see declaration of 'internal_function'
  
C:\Users\posav\source\repos\WindowsGame\BareBones\code\barebones.cpp(65,19): error C2144: syntax error: 'void' should be preceded by ';'
C:\Users\posav\source\repos\WindowsGame\BareBones\code\barebones.cpp(65,24): error C4430: missing type specifier - int assumed. Note: C++ does not support default-int
C:\Users\posav\source\repos\WindowsGame\BareBones\code\barebones.cpp(65,1): error C2086: 'int internal_function': redefinition
  C:\Users\posav\source\repos\WindowsGame\BareBones\code\barebones.h(85,1):
  see declaration of 'internal_function'
  
C:\Users\posav\source\repos\WindowsGame\BareBones\code\barebones.cpp(72,15): error C2039: 'isInitialized': is not a member of 'game_memory'
  C:\Users\posav\source\repos\WindowsGame\BareBones\code\barebones.h(75,8):
  see declaration of 'game_memory'
  
C:\Users\posav\source\repos\WindowsGame\BareBones\code\barebones.cpp(76,11): error C2039: 'isInitialized': is not a member of 'game_memory'
  C:\Users\posav\source\repos\WindowsGame\BareBones\code\barebones.h(75,8):
  see declaration of 'game_memory'
  
C:\Users\posav\source\repos\WindowsGame\BareBones\code\barebones.cpp(83,14): error C2039: 'isAnalog': is not a member of 'game_controller_input'
  C:\Users\posav\source\repos\WindowsGame\BareBones\code\barebones.h(40,8):
  see declaration of 'game_controller_input'
  
C:\Users\posav\source\repos\WindowsGame\BareBones\code\barebones.cpp(86,50): error C2039: 'stickAverageX': is not a member of 'game_controller_input'
  C:\Users\posav\source\repos\WindowsGame\BareBones\code\barebones.h(40,8):
  see declaration of 'game_controller_input'
  
C:\Users\posav\source\repos\WindowsGame\BareBones\code\barebones.cpp(87,53): error C2039: 'stickAverageY': is not a member of 'game_controller_input'
  C:\Users\posav\source\repos\WindowsGame\BareBones\code\barebones.h(40,8):
  see declaration of 'game_controller_input'
  
C:\Users\posav\source\repos\WindowsGame\BareBones\code\barebones.cpp(92,25): error C2039: 'endedDown': is not a member of 'game_button_state'
  C:\Users\posav\source\repos\WindowsGame\BareBones\code\barebones.h(35,8):
  see declaration of 'game_button_state'
  
C:\Users\posav\source\repos\WindowsGame\BareBones\code\barebones.cpp(96,26): error C2039: 'endedDown': is not a member of 'game_button_state'
  C:\Users\posav\source\repos\WindowsGame\BareBones\code\barebones.h(35,8):
  see declaration of 'game_button_state'
  
C:\Users\posav\source\repos\WindowsGame\BareBones\code\barebones.cpp(102,22): error C2039: 'endedDown': is not a member of 'game_button_state'
  C:\Users\posav\source\repos\WindowsGame\BareBones\code\barebones.h(35,8):
  see declaration of 'game_button_state'
  
  win32_barebones.cpp
C:\Users\posav\source\repos\WindowsGame\BareBones\code\win32_barebones.cpp(582,55): warning C4244: 'argument': conversion from 'uint64' to 'SIZE_T', possible loss of data
  Generating Code...
